<?xml version="1.0" encoding="UTF-8"?>
<!-- Generated by org.testng.reporters.JUnitXMLReporter -->
<testsuite hostname="LAPTOP-V7NAMNVI" ignored="0" name="Default test" tests="5" failures="0" timestamp="2023-03-01T20:04:19 IST" time="95.838" errors="0">
  <testcase name="AmazonOrderList" time="21.186" classname="Selenium.Amazon"/>
  <testcase name="AmazonOrderList" time="15.11" classname="Selenium.Amazon"/>
  <testcase name="AmazonOrderList" time="20.38" classname="Selenium.Amazon"/>
  <testcase name="AmazonOrderList" time="19.293" classname="Selenium.Amazon"/>
  <testcase name="AmazonOrderList" time="19.824" classname="Selenium.Amazon"/>
</testsuite> <!-- Default test -->
