<?xml version="1.0" encoding="UTF-8"?>
<testng-results skipped="0" failed="0" ignored="0" total="5" passed="5">
  <reporter-output>
  </reporter-output>
  <suite name="Default suite" duration-ms="95838" started-at="2023-03-01T20:02:43 IST" finished-at="2023-03-01T20:04:19 IST">
    <groups>
    </groups>
    <test name="Default test" duration-ms="95838" started-at="2023-03-01T20:02:43 IST" finished-at="2023-03-01T20:04:19 IST">
      <class name="Selenium.Amazon">
        <test-method status="PASS" signature="AmazonOrderList(org.testng.ITestContext)[pri:0, instance:Selenium.Amazon@c46bcd4]" name="AmazonOrderList" duration-ms="21186" started-at="2023-03-01T20:02:43 IST" finished-at="2023-03-01T20:03:04 IST">
          <params>
            <param index="0">
              <value>
                <![CDATA[org.testng.TestRunner@6483f5ae]]>
              </value>
            </param>
          </params>
          <reporter-output>
          </reporter-output>
        </test-method> <!-- AmazonOrderList -->
        <test-method status="PASS" signature="AmazonOrderList(org.testng.ITestContext)[pri:0, instance:Selenium.Amazon@c46bcd4]" name="AmazonOrderList" duration-ms="15110" started-at="2023-03-01T20:03:04 IST" finished-at="2023-03-01T20:03:19 IST">
          <params>
            <param index="0">
              <value>
                <![CDATA[org.testng.TestRunner@6483f5ae]]>
              </value>
            </param>
          </params>
          <reporter-output>
          </reporter-output>
        </test-method> <!-- AmazonOrderList -->
        <test-method status="PASS" signature="AmazonOrderList(org.testng.ITestContext)[pri:0, instance:Selenium.Amazon@c46bcd4]" name="AmazonOrderList" duration-ms="20380" started-at="2023-03-01T20:03:19 IST" finished-at="2023-03-01T20:03:40 IST">
          <params>
            <param index="0">
              <value>
                <![CDATA[org.testng.TestRunner@6483f5ae]]>
              </value>
            </param>
          </params>
          <reporter-output>
          </reporter-output>
        </test-method> <!-- AmazonOrderList -->
        <test-method status="PASS" signature="AmazonOrderList(org.testng.ITestContext)[pri:0, instance:Selenium.Amazon@c46bcd4]" name="AmazonOrderList" duration-ms="19293" started-at="2023-03-01T20:03:40 IST" finished-at="2023-03-01T20:03:59 IST">
          <params>
            <param index="0">
              <value>
                <![CDATA[org.testng.TestRunner@6483f5ae]]>
              </value>
            </param>
          </params>
          <reporter-output>
          </reporter-output>
        </test-method> <!-- AmazonOrderList -->
        <test-method status="PASS" signature="AmazonOrderList(org.testng.ITestContext)[pri:0, instance:Selenium.Amazon@c46bcd4]" name="AmazonOrderList" duration-ms="19824" started-at="2023-03-01T20:03:59 IST" finished-at="2023-03-01T20:04:19 IST">
          <params>
            <param index="0">
              <value>
                <![CDATA[org.testng.TestRunner@6483f5ae]]>
              </value>
            </param>
          </params>
          <reporter-output>
          </reporter-output>
        </test-method> <!-- AmazonOrderList -->
      </class> <!-- Selenium.Amazon -->
    </test> <!-- Default test -->
  </suite> <!-- Default suite -->
</testng-results>
